<?xml version="1.0" encoding="UTF-8"?>
<robot generator="Robot 5.0.1 (Python 3.10.5 on win32)" generated="20220712 18:52:42.791" rpa="false" schemaversion="3">
<suite id="s1" name="Kened" source="C:\Users\K3N3D\Desktop\WorkSpaceDesenvolvimento\Certified-Tech-Developer\testing-I\robot\testeKened\kened.robot">
<test id="s1-t1" name="Processo de compra da loja Sauce Demo" line="7">
<kw name="Abrir o site da loja sauce Demo" library="kened">
<kw name="Open Browser" library="SeleniumLibrary">
<arg>${SITE}</arg>
<arg>${NAVEGADOR}</arg>
<doc>Opens a new browser instance to the optional ``url``.</doc>
<msg timestamp="20220712 18:52:43.282" level="INFO">Opening browser 'Chrome' to base url 'https://www.saucedemo.com'.</msg>
<status status="PASS" starttime="20220712 18:52:43.281" endtime="20220712 18:52:46.396"/>
</kw>
<kw name="Maximize Browser Window" library="SeleniumLibrary">
<doc>Maximizes current browser window.</doc>
<status status="PASS" starttime="20220712 18:52:46.397" endtime="20220712 18:52:46.632"/>
</kw>
<status status="PASS" starttime="20220712 18:52:43.280" endtime="20220712 18:52:46.633"/>
</kw>
<kw name="Fazer login" library="kened">
<kw name="Input Text" library="SeleniumLibrary">
<arg>${CAMPO_USUARIO}</arg>
<arg>${USUARIO}</arg>
<doc>Types the given ``text`` into the text field identified by ``locator``.</doc>
<msg timestamp="20220712 18:52:46.637" level="INFO">Typing text 'standard_user' into text field 'id=user-name'.</msg>
<status status="PASS" starttime="20220712 18:52:46.635" endtime="20220712 18:52:46.972"/>
</kw>
<kw name="Input Text" library="SeleniumLibrary">
<arg>${CAMPO_PASSWORD}</arg>
<arg>${PASSWORD}</arg>
<doc>Types the given ``text`` into the text field identified by ``locator``.</doc>
<msg timestamp="20220712 18:52:46.975" level="INFO">Typing text 'secret_sauce' into text field 'id=password'.</msg>
<status status="PASS" starttime="20220712 18:52:46.973" endtime="20220712 18:52:47.279"/>
</kw>
<kw name="Click Element" library="SeleniumLibrary">
<arg>${BOTAO_LOGIN}</arg>
<doc>Click the element identified by ``locator``.</doc>
<msg timestamp="20220712 18:52:47.280" level="INFO">Clicking element 'id=login-button'.</msg>
<status status="PASS" starttime="20220712 18:52:47.279" endtime="20220712 18:52:47.541"/>
</kw>
<kw name="Set Selenium Speed" library="SeleniumLibrary">
<arg>0.7</arg>
<doc>Sets the delay that is waited after each Selenium command.</doc>
<status status="PASS" starttime="20220712 18:52:47.541" endtime="20220712 18:52:47.541"/>
</kw>
<status status="PASS" starttime="20220712 18:52:46.634" endtime="20220712 18:52:47.542"/>
</kw>
<kw name="Adicionar um produto ao carrinho" library="kened">
<kw name="Click Element" library="SeleniumLibrary">
<arg>${ADICIONAR_CARRINHO}</arg>
<doc>Click the element identified by ``locator``.</doc>
<msg timestamp="20220712 18:52:47.544" level="INFO">Clicking element 'css=#add-to-cart-sauce-labs-backpack'.</msg>
<status status="PASS" starttime="20220712 18:52:47.544" endtime="20220712 18:52:49.063"/>
</kw>
<status status="PASS" starttime="20220712 18:52:47.542" endtime="20220712 18:52:49.063"/>
</kw>
<kw name="Acessar o carrinho" library="kened">
<kw name="Click Element" library="SeleniumLibrary">
<arg>${ACESSAR_CARRINHO}</arg>
<doc>Click the element identified by ``locator``.</doc>
<msg timestamp="20220712 18:52:49.068" level="INFO">Clicking element 'css=#shopping_cart_container'.</msg>
<status status="PASS" starttime="20220712 18:52:49.067" endtime="20220712 18:52:50.635"/>
</kw>
<status status="PASS" starttime="20220712 18:52:49.065" endtime="20220712 18:52:50.635"/>
</kw>
<kw name="Clicar em 'Checkout'" library="kened">
<kw name="Click Element" library="SeleniumLibrary">
<arg>${BOTAO_CHECKOUT}</arg>
<doc>Click the element identified by ``locator``.</doc>
<msg timestamp="20220712 18:52:50.637" level="INFO">Clicking element 'css=#checkout'.</msg>
<status status="PASS" starttime="20220712 18:52:50.637" endtime="20220712 18:52:52.149"/>
</kw>
<status status="PASS" starttime="20220712 18:52:50.636" endtime="20220712 18:52:52.150"/>
</kw>
<kw name="Preencher informações do usuario" library="kened">
<kw name="Input Text" library="SeleniumLibrary">
<arg>${CAMPO_NOME}</arg>
<arg>${NOME}</arg>
<doc>Types the given ``text`` into the text field identified by ``locator``.</doc>
<msg timestamp="20220712 18:52:52.152" level="INFO">Typing text 'Kened' into text field 'css=#first-name'.</msg>
<status status="PASS" starttime="20220712 18:52:52.151" endtime="20220712 18:52:54.445"/>
</kw>
<kw name="Input Text" library="SeleniumLibrary">
<arg>${CAMPO_SOBRENOME}</arg>
<arg>${SOBRENOME}</arg>
<doc>Types the given ``text`` into the text field identified by ``locator``.</doc>
<msg timestamp="20220712 18:52:54.446" level="INFO">Typing text 'Silva' into text field 'css=#last-name'.</msg>
<status status="PASS" starttime="20220712 18:52:54.445" endtime="20220712 18:52:56.770"/>
</kw>
<kw name="Input Text" library="SeleniumLibrary">
<arg>${CAMPO_CEP}</arg>
<arg>${CEP}</arg>
<doc>Types the given ``text`` into the text field identified by ``locator``.</doc>
<msg timestamp="20220712 18:52:56.772" level="INFO">Typing text '123456' into text field 'css=#postal-code'.</msg>
<status status="PASS" starttime="20220712 18:52:56.771" endtime="20220712 18:52:59.124"/>
</kw>
<kw name="Click Element" library="SeleniumLibrary">
<arg>${BOTAO_CONTINUE}</arg>
<doc>Click the element identified by ``locator``.</doc>
<msg timestamp="20220712 18:52:59.126" level="INFO">Clicking element 'css=#continue'.</msg>
<status status="PASS" starttime="20220712 18:52:59.125" endtime="20220712 18:53:00.684"/>
</kw>
<kw name="Set Selenium Speed" library="SeleniumLibrary">
<arg>0.5</arg>
<doc>Sets the delay that is waited after each Selenium command.</doc>
<status status="PASS" starttime="20220712 18:53:00.684" endtime="20220712 18:53:00.685"/>
</kw>
<status status="PASS" starttime="20220712 18:52:52.150" endtime="20220712 18:53:00.685"/>
</kw>
<status status="PASS" starttime="20220712 18:52:43.278" endtime="20220712 18:53:00.686"/>
</test>
<status status="PASS" starttime="20220712 18:52:42.794" endtime="20220712 18:53:00.694"/>
</suite>
<statistics>
<total>
<stat pass="1" fail="0" skip="0">All Tests</stat>
</total>
<tag>
</tag>
<suite>
<stat pass="1" fail="0" skip="0" id="s1" name="Kened">Kened</stat>
</suite>
</statistics>
<errors>
</errors>
</robot>
