<?xml version="1.0" encoding="UTF-8"?>
<coverage generated="1655862613398" clover="3.2.0">
  <project timestamp="1655862613398" name="All files">
    <metrics statements="16" coveredstatements="9" conditionals="10" coveredconditionals="0" methods="3" coveredmethods="2" elements="29" coveredelements="11" complexity="0" loc="16" ncloc="16" packages="1" files="1" classes="1"/>
    <file name="util.js" path="C:\Users\K3N3D\Desktop\WorkSpaceDesenvolvimento\Certified-Tech-Developer\testing-I\aula16-teste-unitario-II\listas\util.js">
      <metrics statements="16" coveredstatements="9" conditionals="10" coveredconditionals="0" methods="3" coveredmethods="2"/>
      <line num="1" count="1" type="stmt"/>
      <line num="3" count="1" type="stmt"/>
      <line num="6" count="1" type="stmt"/>
      <line num="8" count="1" type="stmt"/>
      <line num="9" count="1" type="stmt"/>
      <line num="10" count="1" type="stmt"/>
      <line num="11" count="1" type="stmt"/>
      <line num="12" count="1" type="stmt"/>
      <line num="15" count="1" type="stmt"/>
      <line num="17" count="0" type="cond" truecount="0" falsecount="2"/>
      <line num="18" count="0" type="stmt"/>
      <line num="20" count="0" type="cond" truecount="0" falsecount="4"/>
      <line num="21" count="0" type="stmt"/>
      <line num="23" count="0" type="cond" truecount="0" falsecount="4"/>
      <line num="24" count="0" type="stmt"/>
      <line num="26" count="0" type="stmt"/>
    </file>
  </project>
</coverage>
